<?xml version="1.0" encoding="UTF-8"?>
<testng-results skipped="0" failed="0" total="2" passed="2">
  <reporter-output>
  </reporter-output>
  <suite name="Suite" duration-ms="86787" started-at="2019-05-26T22:09:46Z" finished-at="2019-05-26T22:11:13Z">
    <groups>
    </groups>
    <test name="Test" duration-ms="86787" started-at="2019-05-26T22:09:46Z" finished-at="2019-05-26T22:11:13Z">
      <class name="com.home.tests.MemberTests">
        <test-method status="PASS" signature="readProperties()[pri:0, instance:com.home.tests.MemberTests@167c1fc]" name="readProperties" is-config="true" duration-ms="18" started-at="2019-05-26T18:09:46Z" finished-at="2019-05-26T18:09:46Z">
          <reporter-output>
          </reporter-output>
        </test-method> <!-- readProperties -->
        <test-method status="PASS" signature="launchUrl()[pri:0, instance:com.home.tests.MemberTests@167c1fc]" name="launchUrl" is-config="true" duration-ms="11880" started-at="2019-05-26T18:09:47Z" finished-at="2019-05-26T18:09:59Z">
          <reporter-output>
          </reporter-output>
        </test-method> <!-- launchUrl -->
        <test-method status="PASS" signature="validCredMemberLogin(java.lang.String, java.lang.String)[pri:0, instance:com.home.tests.MemberTests@167c1fc]" name="validCredMemberLogin" duration-ms="30565" started-at="2019-05-26T18:09:59Z" data-provider="data" finished-at="2019-05-26T18:10:30Z">
          <params>
            <param index="0">
              <value>
                <![CDATA[Sun052619102523@yopmail.com]]>
              </value>
            </param>
            <param index="1">
              <value>
                <![CDATA[Password1]]>
              </value>
            </param>
          </params>
          <reporter-output>
          </reporter-output>
        </test-method> <!-- validCredMemberLogin -->
        <test-method status="PASS" signature="launchUrl()[pri:0, instance:com.home.tests.MemberTests@167c1fc]" name="launchUrl" is-config="true" duration-ms="10699" started-at="2019-05-26T18:10:32Z" finished-at="2019-05-26T18:10:42Z">
          <reporter-output>
          </reporter-output>
        </test-method> <!-- launchUrl -->
        <test-method status="PASS" signature="validCredMemberLogin(java.lang.String, java.lang.String)[pri:0, instance:com.home.tests.MemberTests@167c1fc]" name="validCredMemberLogin" duration-ms="30057" started-at="2019-05-26T18:10:42Z" data-provider="data" finished-at="2019-05-26T18:11:12Z">
          <params>
            <param index="0">
              <value>
                <![CDATA[Sun052619102636@yopmail.com]]>
              </value>
            </param>
            <param index="1">
              <value>
                <![CDATA[Password1]]>
              </value>
            </param>
          </params>
          <reporter-output>
          </reporter-output>
        </test-method> <!-- validCredMemberLogin -->
      </class> <!-- com.home.tests.MemberTests -->
    </test> <!-- Test -->
  </suite> <!-- Suite -->
</testng-results>
